<?xml version="1.0" encoding="UTF-8"?>
<!-- Generated by org.testng.reporters.JUnitReportReporter -->
<testsuite hostname="DESKTOP-6BNMLDU" failures="0" tests="1" name="com.pack.testPrograms.testProgram" time="0.015" errors="0" timestamp="2021-01-24T14:37:54 IST" skipped="0">
  <testcase classname="com.pack.testPrograms.testProgram" name="TEST_001" time="0.015"/>
  <system-out/>
</testsuite> <!-- com.pack.testPrograms.testProgram -->
